<?xml version="1.0" encoding="UTF-8" ?>
<testsuite failures="0" time="0.883" errors="0" skipped="0" tests="6" name="com.telefonica.bigdata.convert.ZDecoderTest">
  <properties>
[...]
</properties>
  <testcase time="0.098" classname="com.telefonica.bigdata.convert.ZDecoderTest" name="testZtoTxt3"/>
  <testcase time="0.227" classname="com.telefonica.bigdata.convert.ZDecoderTest" name="testZtoTxt4"/>
  <testcase time="0.072" classname="com.telefonica.bigdata.convert.ZDecoderTest" name="testGztoTxt"/>
  <testcase time="0.358" classname="com.telefonica.bigdata.convert.ZDecoderTest" name="testZtoGz"/>
  <testcase time="0.125" classname="com.telefonica.bigdata.convert.ZDecoderTest" name="testZtoTxt1"/>
  <testcase time="0.003" classname="com.telefonica.bigdata.convert.ZDecoderTest" name="testZtoTxt2"/>
</testsuite>